# JRE version: OpenJDK Runtime Environment (8.0_152-b01) (build 1.8.0_152-release-1343-b01)
# Java VM: OpenJDK 64-Bit Server VM (25.152-b01 mixed mode windows-amd64 compressed oops)
Heap:
 PSYoungGen      total 444416K, used 251848K [0x00000000e0000000, 0x00000000fef00000, 0x0000000100000000)
  eden space 395776K, 56% used [0x00000000e0000000,0x00000000ed995010,0x00000000f8280000)
  from space 48640K, 59% used [0x00000000f8280000,0x00000000f9edd110,0x00000000fb200000)
  to   space 48128K, 0% used [0x00000000fb200000,0x00000000fb200000,0x00000000fe100000)
 ParOldGen       total 115712K, used 57760K [0x00000000a0000000, 0x00000000a7100000, 0x00000000e0000000)
  object space 115712K, 49% used [0x00000000a0000000,0x00000000a3868258,0x00000000a7100000)
 Metaspace       used 106807K, capacity 113482K, committed 114432K, reserved 1148928K
  class space    used 13062K, capacity 14197K, committed 14336K, reserved 1048576K
GC Heap History (10 events):
Event: 8856.835 GC heap before
{Heap before GC invocations=39 (full 4):
 PSYoungGen      total 388096K, used 387841K [0x00000000e0000000, 0x00000000fc880000, 0x0000000100000000)
  eden space 366592K, 100% used [0x00000000e0000000,0x00000000f6600000,0x00000000f6600000)
  from space 21504K, 98% used [0x00000000fb380000,0x00000000fc840460,0x00000000fc880000)
  to   space 31744K, 0% used [0x00000000f8a80000,0x00000000f8a80000,0x00000000fa980000)
 ParOldGen       total 114176K, used 80612K [0x00000000a0000000, 0x00000000a6f80000, 0x00000000e0000000)
  object space 114176K, 70% used [0x00000000a0000000,0x00000000a4eb9130,0x00000000a6f80000)
 Metaspace       used 106940K, capacity 113958K, committed 114176K, reserved 1148928K
  class space    used 13111K, capacity 14296K, committed 14336K, reserved 1048576K
Event: 8857.173 GC heap after
Heap after GC invocations=39 (full 4):
 PSYoungGen      total 428032K, used 31724K [0x00000000e0000000, 0x00000000fe100000, 0x0000000100000000)
  eden space 396288K, 0% used [0x00000000e0000000,0x00000000e0000000,0x00000000f8300000)
  from space 31744K, 99% used [0x00000000f8a80000,0x00000000fa97b110,0x00000000fa980000)
  to   space 48128K, 0% used [0x00000000fb200000,0x00000000fb200000,0x00000000fe100000)
 ParOldGen       total 115712K, used 115488K [0x00000000a0000000, 0x00000000a7100000, 0x00000000e0000000)
  object space 115712K, 99% used [0x00000000a0000000,0x00000000a70c8348,0x00000000a7100000)
 Metaspace       used 106940K, capacity 113958K, committed 114176K, reserved 1148928K
  class space    used 13111K, capacity 14296K, committed 14336K, reserved 1048576K
}
Event: 8857.173 GC heap before
{Heap before GC invocations=40 (full 5):
 PSYoungGen      total 428032K, used 31724K [0x00000000e0000000, 0x00000000fe100000, 0x0000000100000000)
  eden space 396288K, 0% used [0x00000000e0000000,0x00000000e0000000,0x00000000f8300000)
  from space 31744K, 99% used [0x00000000f8a80000,0x00000000fa97b110,0x00000000fa980000)
  to   space 48128K, 0% used [0x00000000fb200000,0x00000000fb200000,0x00000000fe100000)
 ParOldGen       total 115712K, used 115488K [0x00000000a0000000, 0x00000000a7100000, 0x00000000e0000000)
  object space 115712K, 99% used [0x00000000a0000000,0x00000000a70c8348,0x00000000a7100000)
 Metaspace       used 106940K, capacity 113958K, committed 114176K, reserved 1148928K
  class space    used 13111K, capacity 14296K, committed 14336K, reserved 1048576K
Event: 8859.679 GC heap after
Heap after GC invocations=40 (full 5):
 PSYoungGen      total 428032K, used 0K [0x00000000e0000000, 0x00000000fe100000, 0x0000000100000000)
  eden space 396288K, 0% used [0x00000000e0000000,0x00000000e0000000,0x00000000f8300000)
  from space 31744K, 0% used [0x00000000f8a80000,0x00000000f8a80000,0x00000000fa980000)
  to   space 48128K, 0% used [0x00000000fb200000,0x00000000fb200000,0x00000000fe100000)
 ParOldGen       total 115712K, used 104722K [0x00000000a0000000, 0x00000000a7100000, 0x00000000e0000000)
  object space 115712K, 90% used [0x00000000a0000000,0x00000000a66449b0,0x00000000a7100000)
 Metaspace       used 105832K, capacity 112338K, committed 114176K, reserved 1148928K
  class space    used 12943K, capacity 14031K, committed 14336K, reserved 1048576K
}
Event: 8868.264 GC heap before
{Heap before GC invocations=41 (full 6):
 PSYoungGen      total 428032K, used 396288K [0x00000000e0000000, 0x00000000fe100000, 0x0000000100000000)
  eden space 396288K, 100% used [0x00000000e0000000,0x00000000f8300000,0x00000000f8300000)
  from space 31744K, 0% used [0x00000000f8a80000,0x00000000f8a80000,0x00000000fa980000)
  to   space 48128K, 0% used [0x00000000fb200000,0x00000000fb200000,0x00000000fe100000)
 ParOldGen       total 115712K, used 104722K [0x00000000a0000000, 0x00000000a7100000, 0x00000000e0000000)
  object space 115712K, 90% used [0x00000000a0000000,0x00000000a66449b0,0x00000000a7100000)
 Metaspace       used 106540K, capacity 113124K, committed 114176K, reserved 1148928K
  class space    used 13052K, capacity 14182K, committed 14336K, reserved 1048576K
Event: 8869.781 GC heap after
Heap after GC invocations=41 (full 6):
 PSYoungGen      total 428032K, used 0K [0x00000000e0000000, 0x00000000fe100000, 0x0000000100000000)
  eden space 396288K, 0% used [0x00000000e0000000,0x00000000e0000000,0x00000000f8300000)
  from space 31744K, 0% used [0x00000000f8a80000,0x00000000f8a80000,0x00000000fa980000)
  to   space 48128K, 0% used [0x00000000fb200000,0x00000000fb200000,0x00000000fe100000)
 ParOldGen       total 115712K, used 57744K [0x00000000a0000000, 0x00000000a7100000, 0x00000000e0000000)
  object space 115712K, 49% used [0x00000000a0000000,0x00000000a3864258,0x00000000a7100000)
 Metaspace       used 106276K, capacity 112816K, committed 114176K, reserved 1148928K
  class space    used 13028K, capacity 14140K, committed 14336K, reserved 1048576K
}
Event: 8872.116 GC heap before
{Heap before GC invocations=42 (full 6):
 PSYoungGen      total 428032K, used 396288K [0x00000000e0000000, 0x00000000fe100000, 0x0000000100000000)
  eden space 396288K, 100% used [0x00000000e0000000,0x00000000f8300000,0x00000000f8300000)
  from space 31744K, 0% used [0x00000000f8a80000,0x00000000f8a80000,0x00000000fa980000)
  to   space 48128K, 0% used [0x00000000fb200000,0x00000000fb200000,0x00000000fe100000)
 ParOldGen       total 115712K, used 57744K [0x00000000a0000000, 0x00000000a7100000, 0x00000000e0000000)
  object space 115712K, 49% used [0x00000000a0000000,0x00000000a3864258,0x00000000a7100000)
 Metaspace       used 106604K, capacity 113294K, committed 114176K, reserved 1148928K
  class space    used 13051K, capacity 14187K, committed 14336K, reserved 1048576K
Event: 8872.145 GC heap after
Heap after GC invocations=42 (full 6):
 PSYoungGen      total 443904K, used 4993K [0x00000000e0000000, 0x00000000fef00000, 0x0000000100000000)
  eden space 395776K, 0% used [0x00000000e0000000,0x00000000e0000000,0x00000000f8280000)
  from space 48128K, 10% used [0x00000000fb200000,0x00000000fb6e04c0,0x00000000fe100000)
  to   space 48640K, 0% used [0x00000000f8280000,0x00000000f8280000,0x00000000fb200000)
 ParOldGen       total 115712K, used 57752K [0x00000000a0000000, 0x00000000a7100000, 0x00000000e0000000)
  object space 115712K, 49% used [0x00000000a0000000,0x00000000a3866258,0x00000000a7100000)
 Metaspace       used 106604K, capacity 113294K, committed 114176K, reserved 1148928K
  class space    used 13051K, capacity 14187K, committed 14336K, reserved 1048576K
}
Event: 8875.330 GC heap before
{Heap before GC invocations=43 (full 6):
 PSYoungGen      total 443904K, used 400769K [0x00000000e0000000, 0x00000000fef00000, 0x0000000100000000)
  eden space 395776K, 100% used [0x00000000e0000000,0x00000000f8280000,0x00000000f8280000)
  from space 48128K, 10% used [0x00000000fb200000,0x00000000fb6e04c0,0x00000000fe100000)
  to   space 48640K, 0% used [0x00000000f8280000,0x00000000f8280000,0x00000000fb200000)
 ParOldGen       total 115712K, used 57752K [0x00000000a0000000, 0x00000000a7100000, 0x00000000e0000000)
  object space 115712K, 49% used [0x00000000a0000000,0x00000000a3866258,0x00000000a7100000)
 Metaspace       used 106703K, capacity 113406K, committed 114176K, reserved 1148928K
  class space    used 13058K, capacity 14195K, committed 14336K, reserved 1048576K
Event: 8875.627 GC heap after
Heap after GC invocations=43 (full 6):
 PSYoungGen      total 444416K, used 29044K [0x00000000e0000000, 0x00000000fef00000, 0x0000000100000000)
  eden space 395776K, 0% used [0x00000000e0000000,0x00000000e0000000,0x00000000f8280000)
  from space 48640K, 59% used [0x00000000f8280000,0x00000000f9edd110,0x00000000fb200000)
  to   space 48128K, 0% used [0x00000000fb200000,0x00000000fb200000,0x00000000fe100000)
 ParOldGen       total 115712K, used 57760K [0x00000000a0000000, 0x00000000a7100000, 0x00000000e0000000)
  object space 115712K, 49% used [0x00000000a0000000,0x00000000a3868258,0x00000000a7100000)
 Metaspace       used 106703K, capacity 113406K, committed 114176K, reserved 1148928K
  class space    used 13058K, capacity 14195K, committed 14336K, reserved 1048576K
}

