# JRE version: OpenJDK Runtime Environment (8.0_152-b01) (build 1.8.0_152-release-1343-b01)
# Java VM: OpenJDK 64-Bit Server VM (25.152-b01 mixed mode windows-amd64 compressed oops)
Heap:
 PSYoungGen      total 81920K, used 38006K [0x00000000e0000000, 0x00000000e5700000, 0x0000000100000000)
  eden space 75264K, 44% used [0x00000000e0000000,0x00000000e20b47e0,0x00000000e4980000)
  from space 6656K, 67% used [0x00000000e5000000,0x00000000e54692b0,0x00000000e5680000)
  to   space 6656K, 0% used [0x00000000e4980000,0x00000000e4980000,0x00000000e5000000)
 ParOldGen       total 31744K, used 12501K [0x00000000a0000000, 0x00000000a1f00000, 0x00000000e0000000)
  object space 31744K, 39% used [0x00000000a0000000,0x00000000a0c35488,0x00000000a1f00000)
 Metaspace       used 32619K, capacity 33134K, committed 33408K, reserved 1077248K
  class space    used 4491K, capacity 4687K, committed 4736K, reserved 1048576K
GC Heap History (10 events):
Event: 10.907 GC heap before
{Heap before GC invocations=9 (full 0):
 PSYoungGen      total 37888K, used 36381K [0x00000000e0000000, 0x00000000e2a00000, 0x0000000100000000)
  eden space 32768K, 100% used [0x00000000e0000000,0x00000000e2000000,0x00000000e2000000)
  from space 5120K, 70% used [0x00000000e2500000,0x00000000e2887610,0x00000000e2a00000)
  to   space 5120K, 0% used [0x00000000e2000000,0x00000000e2000000,0x00000000e2500000)
 ParOldGen       total 44032K, used 6221K [0x00000000a0000000, 0x00000000a2b00000, 0x00000000e0000000)
  object space 44032K, 14% used [0x00000000a0000000,0x00000000a06134c8,0x00000000a2b00000)
 Metaspace       used 19498K, capacity 19966K, committed 20224K, reserved 1067008K
  class space    used 2795K, capacity 2959K, committed 3072K, reserved 1048576K
Event: 10.932 GC heap after
Heap after GC invocations=9 (full 0):
 PSYoungGen      total 37888K, used 5102K [0x00000000e0000000, 0x00000000e3f80000, 0x0000000100000000)
  eden space 32768K, 0% used [0x00000000e0000000,0x00000000e0000000,0x00000000e2000000)
  from space 5120K, 99% used [0x00000000e2000000,0x00000000e24fbb58,0x00000000e2500000)
  to   space 6144K, 0% used [0x00000000e3980000,0x00000000e3980000,0x00000000e3f80000)
 ParOldGen       total 44032K, used 7220K [0x00000000a0000000, 0x00000000a2b00000, 0x00000000e0000000)
  object space 44032K, 16% used [0x00000000a0000000,0x00000000a070d058,0x00000000a2b00000)
 Metaspace       used 19498K, capacity 19966K, committed 20224K, reserved 1067008K
  class space    used 2795K, capacity 2959K, committed 3072K, reserved 1048576K
}
Event: 11.473 GC heap before
{Heap before GC invocations=10 (full 0):
 PSYoungGen      total 37888K, used 13363K [0x00000000e0000000, 0x00000000e3f80000, 0x0000000100000000)
  eden space 32768K, 25% used [0x00000000e0000000,0x00000000e08111b8,0x00000000e2000000)
  from space 5120K, 99% used [0x00000000e2000000,0x00000000e24fbb58,0x00000000e2500000)
  to   space 6144K, 0% used [0x00000000e3980000,0x00000000e3980000,0x00000000e3f80000)
 ParOldGen       total 44032K, used 7220K [0x00000000a0000000, 0x00000000a2b00000, 0x00000000e0000000)
  object space 44032K, 16% used [0x00000000a0000000,0x00000000a070d058,0x00000000a2b00000)
 Metaspace       used 20663K, capacity 21118K, committed 21296K, reserved 1067008K
  class space    used 2899K, capacity 3087K, committed 3200K, reserved 1048576K
Event: 11.483 GC heap after
Heap after GC invocations=10 (full 0):
 PSYoungGen      total 58880K, used 2729K [0x00000000e0000000, 0x00000000e3f80000, 0x0000000100000000)
  eden space 52736K, 0% used [0x00000000e0000000,0x00000000e0000000,0x00000000e3380000)
  from space 6144K, 44% used [0x00000000e3980000,0x00000000e3c2a4d8,0x00000000e3f80000)
  to   space 6144K, 0% used [0x00000000e3380000,0x00000000e3380000,0x00000000e3980000)
 ParOldGen       total 44032K, used 8357K [0x00000000a0000000, 0x00000000a2b00000, 0x00000000e0000000)
  object space 44032K, 18% used [0x00000000a0000000,0x00000000a0829780,0x00000000a2b00000)
 Metaspace       used 20663K, capacity 21118K, committed 21296K, reserved 1067008K
  class space    used 2899K, capacity 3087K, committed 3200K, reserved 1048576K
}
Event: 11.483 GC heap before
{Heap before GC invocations=11 (full 1):
 PSYoungGen      total 58880K, used 2729K [0x00000000e0000000, 0x00000000e3f80000, 0x0000000100000000)
  eden space 52736K, 0% used [0x00000000e0000000,0x00000000e0000000,0x00000000e3380000)
  from space 6144K, 44% used [0x00000000e3980000,0x00000000e3c2a4d8,0x00000000e3f80000)
  to   space 6144K, 0% used [0x00000000e3380000,0x00000000e3380000,0x00000000e3980000)
 ParOldGen       total 44032K, used 8357K [0x00000000a0000000, 0x00000000a2b00000, 0x00000000e0000000)
  object space 44032K, 18% used [0x00000000a0000000,0x00000000a0829780,0x00000000a2b00000)
 Metaspace       used 20663K, capacity 21118K, committed 21296K, reserved 1067008K
  class space    used 2899K, capacity 3087K, committed 3200K, reserved 1048576K
Event: 11.581 GC heap after
Heap after GC invocations=11 (full 1):
 PSYoungGen      total 58880K, used 0K [0x00000000e0000000, 0x00000000e3f80000, 0x0000000100000000)
  eden space 52736K, 0% used [0x00000000e0000000,0x00000000e0000000,0x00000000e3380000)
  from space 6144K, 0% used [0x00000000e3980000,0x00000000e3980000,0x00000000e3f80000)
  to   space 6144K, 0% used [0x00000000e3380000,0x00000000e3380000,0x00000000e3980000)
 ParOldGen       total 31744K, used 8987K [0x00000000a0000000, 0x00000000a1f00000, 0x00000000e0000000)
  object space 31744K, 28% used [0x00000000a0000000,0x00000000a08c6fb8,0x00000000a1f00000)
 Metaspace       used 20663K, capacity 21118K, committed 21296K, reserved 1067008K
  class space    used 2899K, capacity 3087K, committed 3200K, reserved 1048576K
}
Event: 15.883 GC heap before
{Heap before GC invocations=12 (full 1):
 PSYoungGen      total 58880K, used 52736K [0x00000000e0000000, 0x00000000e3f80000, 0x0000000100000000)
  eden space 52736K, 100% used [0x00000000e0000000,0x00000000e3380000,0x00000000e3380000)
  from space 6144K, 0% used [0x00000000e3980000,0x00000000e3980000,0x00000000e3f80000)
  to   space 6144K, 0% used [0x00000000e3380000,0x00000000e3380000,0x00000000e3980000)
 ParOldGen       total 31744K, used 8987K [0x00000000a0000000, 0x00000000a1f00000, 0x00000000e0000000)
  object space 31744K, 28% used [0x00000000a0000000,0x00000000a08c6fb8,0x00000000a1f00000)
 Metaspace       used 27498K, capacity 27952K, committed 28032K, reserved 1073152K
  class space    used 3745K, capacity 3929K, committed 3968K, reserved 1048576K
Event: 15.896 GC heap after
Heap after GC invocations=12 (full 1):
 PSYoungGen      total 58880K, used 6128K [0x00000000e0000000, 0x00000000e5680000, 0x0000000100000000)
  eden space 52736K, 0% used [0x00000000e0000000,0x00000000e0000000,0x00000000e3380000)
  from space 6144K, 99% used [0x00000000e3380000,0x00000000e397c340,0x00000000e3980000)
  to   space 6656K, 0% used [0x00000000e5000000,0x00000000e5000000,0x00000000e5680000)
 ParOldGen       total 31744K, used 9629K [0x00000000a0000000, 0x00000000a1f00000, 0x00000000e0000000)
  object space 31744K, 30% used [0x00000000a0000000,0x00000000a0967478,0x00000000a1f00000)
 Metaspace       used 27498K, capacity 27952K, committed 28032K, reserved 1073152K
  class space    used 3745K, capacity 3929K, committed 3968K, reserved 1048576K
}
Event: 19.290 GC heap before
{Heap before GC invocations=13 (full 1):
 PSYoungGen      total 58880K, used 58864K [0x00000000e0000000, 0x00000000e5680000, 0x0000000100000000)
  eden space 52736K, 100% used [0x00000000e0000000,0x00000000e3380000,0x00000000e3380000)
  from space 6144K, 99% used [0x00000000e3380000,0x00000000e397c340,0x00000000e3980000)
  to   space 6656K, 0% used [0x00000000e5000000,0x00000000e5000000,0x00000000e5680000)
 ParOldGen       total 31744K, used 9629K [0x00000000a0000000, 0x00000000a1f00000, 0x00000000e0000000)
  object space 31744K, 30% used [0x00000000a0000000,0x00000000a0967478,0x00000000a1f00000)
 Metaspace       used 30803K, capacity 31284K, committed 31616K, reserved 1077248K
  class space    used 4210K, capacity 4394K, committed 4480K, reserved 1048576K
Event: 19.368 GC heap after
Heap after GC invocations=13 (full 1):
 PSYoungGen      total 81920K, used 4516K [0x00000000e0000000, 0x00000000e5700000, 0x0000000100000000)
  eden space 75264K, 0% used [0x00000000e0000000,0x00000000e0000000,0x00000000e4980000)
  from space 6656K, 67% used [0x00000000e5000000,0x00000000e54692b0,0x00000000e5680000)
  to   space 6656K, 0% used [0x00000000e4980000,0x00000000e4980000,0x00000000e5000000)
 ParOldGen       total 31744K, used 12501K [0x00000000a0000000, 0x00000000a1f00000, 0x00000000e0000000)
  object space 31744K, 39% used [0x00000000a0000000,0x00000000a0c35488,0x00000000a1f00000)
 Metaspace       used 30803K, capacity 31284K, committed 31616K, reserved 1077248K
  class space    used 4210K, capacity 4394K, committed 4480K, reserved 1048576K
}

